<?xml version="1.0" encoding="UTF-8"?>
<!-- Generated by org.testng.reporters.JUnitReportReporter -->
<testsuite hostname="salman-PC" name="abcd.AllTestprograms" tests="3" failures="0" timestamp="25 Jan 2020 12:33:36 GMT" time="8.658" errors="0">
  <testcase name="launchbrowser" time="3.751" classname="abcd.AllTestprograms"/>
  <testcase name="closebrowser" time="2.383" classname="abcd.AllTestprograms"/>
  <testcase name="Verifygoogle" time="2.524" classname="abcd.AllTestprograms"/>
</testsuite> <!-- abcd.AllTestprograms -->
