<?xml version="1.0" encoding="UTF-8"?>
<!-- Generated by org.testng.reporters.JUnitReportReporter -->
<testsuite hostname="salman-PC" name="abcd.Secondtestng" tests="3" failures="0" timestamp="25 Jan 2020 11:29:52 GMT" time="11.425" errors="0">
  <testcase name="launchbrowser" time="5.299" classname="abcd.Secondtestng"/>
  <testcase name="Verifygoogle" time="3.740" classname="abcd.Secondtestng"/>
  <testcase name="closebrowser" time="2.386" classname="abcd.Secondtestng"/>
</testsuite> <!-- abcd.Secondtestng -->
