<?xml version="1.0" encoding="UTF-8"?>
<!-- Generated by org.testng.reporters.JUnitReportReporter -->
<testsuite hostname="salman-PC" name="abcd.Testng" tests="1" failures="0" timestamp="12 Dec 2019 06:03:33 GMT" time="9.908" errors="0">
  <testcase name="startprogram" time="9.908" classname="abcd.Testng"/>
</testsuite> <!-- abcd.Testng -->
