<?xml version="1.0" encoding="UTF-8"?>
<!-- Generated by org.testng.reporters.JUnitReportReporter -->
<testsuite hostname="salman-PC" name="abcd.Firsttestng" tests="1" failures="0" timestamp="25 Jan 2020 11:19:25 GMT" time="13.074" errors="0">
  <testcase name="verifygoogle" time="13.074" classname="abcd.Firsttestng"/>
</testsuite> <!-- abcd.Firsttestng -->
